[debug] [2020-07-13T13:03:06.620Z] ----------------------------------------------------------------------
[debug] [2020-07-13T13:03:06.623Z] Command:       C:\Program Files\nodejs\node.exe C:\Users\SPCP285\AppData\Roaming\npm\node_modules\firebase-tools\lib\bin\firebase.js init
[debug] [2020-07-13T13:03:06.623Z] CLI Version:   8.5.0
[debug] [2020-07-13T13:03:06.623Z] Platform:      win32
[debug] [2020-07-13T13:03:06.623Z] Node Version:  v14.4.0
[debug] [2020-07-13T13:03:06.625Z] Time:          Mon Jul 13 2020 18:33:06 GMT+0530 (India Standard Time)
[debug] [2020-07-13T13:03:06.625Z] ----------------------------------------------------------------------
[debug] [2020-07-13T13:03:06.625Z] 
[debug] [2020-07-13T13:03:06.638Z] > command requires scopes: ["email","openid","https://www.googleapis.com/auth/cloudplatformprojects.readonly","https://www.googleapis.com/auth/firebase","https://www.googleapis.com/auth/cloud-platform"]
[debug] [2020-07-13T13:03:06.638Z] > authorizing via signed-in user
[info] 
     ######## #### ########  ######## ########     ###     ######  ########
     ##        ##  ##     ## ##       ##     ##  ##   ##  ##       ##
     ######    ##  ########  ######   ########  #########  ######  ######
     ##        ##  ##    ##  ##       ##     ## ##     ##       ## ##
     ##       #### ##     ## ######## ########  ##     ##  ######  ########

You're about to initialize a Firebase project in this directory:

  D:\Project Work Space\Hospital_management

Before we get started, keep in mind:

  * You are initializing in an existing Firebase project directory

[info] 
=== Project Setup
[info] 
[info] First, let's associate this project directory with a Firebase project.
[info] You can create multiple project aliases by running firebase use --add, 
[info] but for now we'll just set up a default project.
[info] 
[info] i  .firebaserc already has a default project, using hip-graph-246610. 
[debug] [2020-07-13T13:03:40.183Z] > refreshing access token with scopes: ["email","https://www.googleapis.com/auth/cloud-platform","https://www.googleapis.com/auth/cloudplatformprojects.readonly","https://www.googleapis.com/auth/firebase","openid"]
[debug] [2020-07-13T13:03:40.183Z] >>> HTTP REQUEST POST https://www.googleapis.com/oauth2/v3/token  
 <request body omitted>
[debug] [2020-07-13T13:03:40.496Z] <<< HTTP RESPONSE 200 {"content-type":"application/json; charset=utf-8","vary":"X-Origin, Referer, Origin,Accept-Encoding","date":"Mon, 13 Jul 2020 13:03:42 GMT","server":"scaffolding on HTTPServer2","cache-control":"private","x-xss-protection":"0","x-frame-options":"SAMEORIGIN","x-content-type-options":"nosniff","alt-svc":"h3-29=\":443\"; ma=2592000,h3-27=\":443\"; ma=2592000,h3-25=\":443\"; ma=2592000,h3-T050=\":443\"; ma=2592000,h3-Q050=\":443\"; ma=2592000,h3-Q046=\":443\"; ma=2592000,h3-Q043=\":443\"; ma=2592000,quic=\":443\"; ma=2592000; v=\"46,43\"","accept-ranges":"none","transfer-encoding":"chunked"}
[debug] [2020-07-13T13:03:40.521Z] >>> HTTP REQUEST GET https://firebase.googleapis.com/v1beta1/projects/hip-graph-246610  
 
[debug] [2020-07-13T13:04:01.580Z] Server Error. connect ETIMEDOUT 216.58.200.138:443
[debug] [2020-07-13T13:04:01.822Z] FirebaseError: Server Error. connect ETIMEDOUT 216.58.200.138:443
    at Request._callback (C:\Users\SPCP285\AppData\Roaming\npm\node_modules\firebase-tools\lib\api.js:32:31)
    at self.callback (C:\Users\SPCP285\AppData\Roaming\npm\node_modules\firebase-tools\node_modules\request\request.js:185:22)
    at Request.emit (events.js:315:20)
    at Request.EventEmitter.emit (domain.js:485:12)
    at Request.onRequestError (C:\Users\SPCP285\AppData\Roaming\npm\node_modules\firebase-tools\node_modules\request\request.js:877:8)
    at ClientRequest.emit (events.js:327:22)
    at ClientRequest.EventEmitter.emit (domain.js:485:12)
    at TLSSocket.socketErrorListener (_http_client.js:467:9)
    at TLSSocket.emit (events.js:315:20)
    at TLSSocket.EventEmitter.emit (domain.js:485:12)
    at emitErrorNT (internal/streams/destroy.js:100:8)
    at emitErrorCloseNT (internal/streams/destroy.js:68:3)
    at processTicksAndRejections (internal/process/task_queues.js:84:21)
[error] 
[error] Error: Failed to get Firebase project hip-graph-246610. Please make sure the project exists and your account has permission to access it.
